<?xml version="1.0" encoding="UTF-8"?>
<!-- Generated by org.testng.reporters.JUnitReportReporter -->
<testsuite hostname="DESKTOP-OA3ENQ8" failures="0" tests="1" name="grid.NewTestGrid" time="8.105" errors="0" timestamp="2021-05-06T14:12:30 ICT" skipped="0">
  <testcase classname="grid.NewTestGrid" name="f" time="8.105"/>
  <system-out/>
</testsuite> <!-- grid.NewTestGrid -->
